Using pre-set license
Built from '2021.3/staging' branch; Version is '2021.3.8f1 (b30333d56e81) revision 11731763'; Using compiler version '192829333'; Build Type 'Release'
OS: 'Windows 10  (10.0.19044) 64bit Enterprise' Language: 'ru' Physical Memory: 32689 MB
BatchMode: 1, IsHumanControllingUs: 0, StartBugReporterOnCrash: 0, Is64bit: 1, IsPro: 1

COMMAND LINE ARGUMENTS:
C:\unity\2021.3.8f1\Editor\Unity.exe
-adb2
-batchMode
-noUpm
-name
AssetImportWorker0
-projectPath
C:/unity/teamgame/ah-vosstanie-rafikov-unity-team
-logFile
Logs/AssetImportWorker0.log
-srvPort
62650
Successfully changed project path to: C:/unity/teamgame/ah-vosstanie-rafikov-unity-team
C:/unity/teamgame/ah-vosstanie-rafikov-unity-team
[UnityMemory] Configuration Parameters - Can be set up in boot.config
    "memorysetup-bucket-allocator-granularity=16"
    "memorysetup-bucket-allocator-bucket-count=8"
    "memorysetup-bucket-allocator-block-size=33554432"
    "memorysetup-bucket-allocator-block-count=8"
    "memorysetup-main-allocator-block-size=16777216"
    "memorysetup-thread-allocator-block-size=16777216"
    "memorysetup-gfx-main-allocator-block-size=16777216"
    "memorysetup-gfx-thread-allocator-block-size=16777216"
    "memorysetup-cache-allocator-block-size=4194304"
    "memorysetup-typetree-allocator-block-size=2097152"
    "memorysetup-profiler-bucket-allocator-granularity=16"
    "memorysetup-profiler-bucket-allocator-bucket-count=8"
    "memorysetup-profiler-bucket-allocator-block-size=33554432"
    "memorysetup-profiler-bucket-allocator-block-count=8"
    "memorysetup-profiler-allocator-block-size=16777216"
    "memorysetup-profiler-editor-allocator-block-size=1048576"
    "memorysetup-temp-allocator-size-main=16777216"
    "memorysetup-job-temp-allocator-block-size=2097152"
    "memorysetup-job-temp-allocator-block-size-background=1048576"
    "memorysetup-job-temp-allocator-reduction-small-platforms=262144"
    "memorysetup-temp-allocator-size-background-worker=32768"
    "memorysetup-temp-allocator-size-job-worker=262144"
    "memorysetup-temp-allocator-size-preload-manager=33554432"
    "memorysetup-temp-allocator-size-nav-mesh-worker=65536"
    "memorysetup-temp-allocator-size-audio-worker=65536"
    "memorysetup-temp-allocator-size-cloud-worker=32768"
    "memorysetup-temp-allocator-size-gi-baking-worker=262144"
    "memorysetup-temp-allocator-size-gfx=262144"
Refreshing native plugins compatible for Editor in 73.38 ms, found 3 plugins.
Preloading 0 native plugins for Editor in 0.00 ms.
Initialize engine version: 2021.3.8f1 (b30333d56e81)
[Subsystems] Discovering subsystems at path C:/unity/2021.3.8f1/Editor/Data/Resources/UnitySubsystems
[Subsystems] Discovering subsystems at path C:/unity/teamgame/ah-vosstanie-rafikov-unity-team/Assets
GfxDevice: creating device client; threaded=0; jobified=0
Direct3D:
    Version:  Direct3D 11.0 [level 11.1]
    Renderer: AMD Radeon RX 5700 XT (ID=0x731f)
    Vendor:   ATI
    VRAM:     8151 MB
    Driver:   31.0.12027.7000
Initialize mono
Mono path[0] = 'C:/unity/2021.3.8f1/Editor/Data/Managed'
Mono path[1] = 'C:/unity/2021.3.8f1/Editor/Data/MonoBleedingEdge/lib/mono/unityjit-win32'
Mono config path = 'C:/unity/2021.3.8f1/Editor/Data/MonoBleedingEdge/etc'
Using monoOptions --debugger-agent=transport=dt_socket,embedding=1,server=y,suspend=n,address=127.0.0.1:56096
Begin MonoManager ReloadAssembly
Registering precompiled unity dll's ...
Register platform support module: C:/unity/2021.3.8f1/Editor/Data/PlaybackEngines/WindowsStandaloneSupport/UnityEditor.WindowsStandalone.Extensions.dll
Registered in 0.003476 seconds.
Native extension for WindowsStandalone target not found
Refreshing native plugins compatible for Editor in 70.82 ms, found 3 plugins.
Preloading 0 native plugins for Editor in 0.00 ms.
Mono: successfully reloaded assembly
- Completed reload, in  0.523 seconds
Domain Reload Profiling:
	ReloadAssembly (524ms)
		BeginReloadAssembly (61ms)
			ExecutionOrderSort (0ms)
			DisableScriptedObjects (0ms)
			BackupInstance (0ms)
			ReleaseScriptingObjects (0ms)
			CreateAndSetChildDomain (1ms)
		EndReloadAssembly (375ms)
			LoadAssemblies (59ms)
			RebuildTransferFunctionScriptingTraits (0ms)
			SetupTypeCache (93ms)
			ReleaseScriptCaches (0ms)
			RebuildScriptCaches (23ms)
			SetupLoadedEditorAssemblies (216ms)
				LogAssemblyErrors (0ms)
				InitializePlatformSupportModulesInManaged (6ms)
				SetLoadedEditorAssemblies (0ms)
				RefreshPlugins (71ms)
				BeforeProcessingInitializeOnLoad (1ms)
				ProcessInitializeOnLoadAttributes (102ms)
				ProcessInitializeOnLoadMethodAttributes (37ms)
				AfterProcessingInitializeOnLoad (0ms)
				EditorAssembliesLoaded (0ms)
			ExecutionOrderSort2 (0ms)
			AwakeInstancesAfterBackupRestoration (0ms)
Platform modules already initialized, skipping
Registering precompiled user dll's ...
Registered in 0.004923 seconds.
Begin MonoManager ReloadAssembly
Symbol file LoadedFromMemory doesn't match image C:\unity\teamgame\ah-vosstanie-rafikov-unity-team\Library\PackageCache\com.unity.visualscripting@1.7.8\Editor\VisualScripting.Core\Dependencies\YamlDotNet\Unity.VisualScripting.YamlDotNet.dll
Symbol file LoadedFromMemory doesn't match image C:\unity\teamgame\ah-vosstanie-rafikov-unity-team\Library\PackageCache\com.unity.visualscripting@1.7.8\Editor\VisualScripting.Core\Dependencies\DotNetZip\Unity.VisualScripting.IonicZip.dll
Native extension for WindowsStandalone target not found
Refreshing native plugins compatible for Editor in 0.57 ms, found 3 plugins.
Preloading 0 native plugins for Editor in 0.00 ms.
Mono: successfully reloaded assembly
- Completed reload, in  0.856 seconds
Domain Reload Profiling:
	ReloadAssembly (857ms)
		BeginReloadAssembly (90ms)
			ExecutionOrderSort (0ms)
			DisableScriptedObjects (5ms)
			BackupInstance (0ms)
			ReleaseScriptingObjects (0ms)
			CreateAndSetChildDomain (16ms)
		EndReloadAssembly (669ms)
			LoadAssemblies (67ms)
			RebuildTransferFunctionScriptingTraits (0ms)
			SetupTypeCache (226ms)
			ReleaseScriptCaches (1ms)
			RebuildScriptCaches (42ms)
			SetupLoadedEditorAssemblies (304ms)
				LogAssemblyErrors (0ms)
				InitializePlatformSupportModulesInManaged (4ms)
				SetLoadedEditorAssemblies (0ms)
				RefreshPlugins (1ms)
				BeforeProcessingInitializeOnLoad (74ms)
				ProcessInitializeOnLoadAttributes (194ms)
				ProcessInitializeOnLoadMethodAttributes (25ms)
				AfterProcessingInitializeOnLoad (5ms)
				EditorAssembliesLoaded (0ms)
			ExecutionOrderSort2 (0ms)
			AwakeInstancesAfterBackupRestoration (5ms)
Platform modules already initialized, skipping
========================================================================
Worker process is ready to serve import requests
Launched and connected shader compiler UnityShaderCompiler.exe after 0.03 seconds
Refreshing native plugins compatible for Editor in 0.56 ms, found 3 plugins.
Preloading 0 native plugins for Editor in 0.00 ms.
Unloading 3384 Unused Serialized files (Serialized files now loaded: 0)
Unloading 27 unused Assets / (111.5 KB). Loaded Objects now: 3865.
Memory consumption went from 129.4 MB to 129.3 MB.
Total: 2.684000 ms (FindLiveObjects: 0.273000 ms CreateObjectMapping: 0.268600 ms MarkObjects: 2.048200 ms  DeleteObjects: 0.093700 ms)

AssetImportParameters requested are different than current active one (requested -> active):
  custom:video-decoder-ogg-theora: a1e56fd34408186e4bbccfd4996cb3dc -> 
  custom:container-muxer-webm: aa71ff27fc2769a1b78a27578f13a17b -> 
  custom:container-demuxer-webm: 4f35f7cbe854078d1ac9338744f61a02 -> 
  custom:video-encoder-webm-vp8: eb34c28f22e8b96e1ab97ce403110664 -> 
  custom:audio-encoder-webm-vorbis: bf7c407c2cedff20999df2af8eb42d56 -> 
  custom:framework-win-MediaFoundation: 216162199b28c13a410421893ffa2e32 -> 
  custom:container-demuxer-ogg: 62fdf1f143b41e24485cea50d1cbac27 -> 
  custom:video-decoder-webm-vp8: 9c59270c3fd7afecdb556c50c9e8de78 -> 
  custom:audio-decoder-ogg-vorbis: bf7c407c2cedff20999df2af8eb42d56 -> 
========================================================================
Received Import Request.
  Time since last request: 179951.919374 seconds.
  path: Assets/Prefab/koridorWithDoor.prefab
  artifactKey: Guid(4cb31f14d8409604fb5cea88adc5e878) Importer(815301076,1909f56bfc062723c751e8b465ee728b)
Start importing Assets/Prefab/koridorWithDoor.prefab using Guid(4cb31f14d8409604fb5cea88adc5e878) Importer(815301076,1909f56bfc062723c751e8b465ee728b)  -> (artifact id: '9f17d5afb353f8cf4f2fc132346025fc') in 0.099833 seconds 
========================================================================
Received Import Request.
  Time since last request: 522.918513 seconds.
  path: Assets/Prefab/koridorWithRazvetvlenie.prefab
  artifactKey: Guid(97c31516582669648a8ca4735559747d) Importer(815301076,1909f56bfc062723c751e8b465ee728b)
Start importing Assets/Prefab/koridorWithRazvetvlenie.prefab using Guid(97c31516582669648a8ca4735559747d) Importer(815301076,1909f56bfc062723c751e8b465ee728b)  -> (artifact id: 'a5a84ae5b0b8da336560c0833cbeccd3') in 0.019687 seconds 
========================================================================
Received Import Request.
  Time since last request: 439.788131 seconds.
  path: Assets/Pepa
  artifactKey: Guid(2c1dbefd79cafb042930a722740495f0) Importer(815301076,1909f56bfc062723c751e8b465ee728b)
Start importing Assets/Pepa using Guid(2c1dbefd79cafb042930a722740495f0) Importer(815301076,1909f56bfc062723c751e8b465ee728b)  -> (artifact id: 'a8e23033c5f510b79fe77d925912e401') in 0.005490 seconds 
========================================================================
Received Import Request.
  Time since last request: 2.842028 seconds.
  path: Assets/Pepa/source
  artifactKey: Guid(08aeaf1ce1c31034c82a6f5f43029164) Importer(815301076,1909f56bfc062723c751e8b465ee728b)
Start importing Assets/Pepa/source using Guid(08aeaf1ce1c31034c82a6f5f43029164) Importer(815301076,1909f56bfc062723c751e8b465ee728b)  -> (artifact id: '57a1074a88c92ca2c895fc05d7c9b65b') in 0.005495 seconds 
========================================================================
Received Import Request.
  Time since last request: 0.057666 seconds.
  path: Assets/Pepa/source/peppa pig 3d kolor.fbx
  artifactKey: Guid(449cd2b9530c34d46bad81ffd251c9dd) Importer(815301076,1909f56bfc062723c751e8b465ee728b)
Start importing Assets/Pepa/source/peppa pig 3d kolor.fbx using Guid(449cd2b9530c34d46bad81ffd251c9dd) Importer(815301076,1909f56bfc062723c751e8b465ee728b)  -> (artifact id: '5c39eb99873a4f46e9d240ccddd28b6c') in 0.111370 seconds 
========================================================================
Received Import Request.
  Time since last request: 130.207095 seconds.
  path: Assets/Art
  artifactKey: Guid(c4b9e333d7e34c24189df1dd0d3ac9b7) Importer(815301076,1909f56bfc062723c751e8b465ee728b)
Start importing Assets/Art using Guid(c4b9e333d7e34c24189df1dd0d3ac9b7) Importer(815301076,1909f56bfc062723c751e8b465ee728b)  -> (artifact id: 'b93cdaaa98ed39021547e768ee27f9e3') in 0.005510 seconds 
========================================================================
Received Import Request.
  Time since last request: 45.368671 seconds.
  path: Assets/Art/dver1.png
  artifactKey: Guid(1e5a9ba5265ecb14c9d4e84576a26d61) Importer(815301076,1909f56bfc062723c751e8b465ee728b)
Start importing Assets/Art/dver1.png using Guid(1e5a9ba5265ecb14c9d4e84576a26d61) Importer(815301076,1909f56bfc062723c751e8b465ee728b)  -> (artifact id: 'be250801756eee4a16015ba999fb8ac7') in 0.025213 seconds 
========================================================================
Received Import Request.
  Time since last request: 51.286825 seconds.
  path: Assets/Art/dver2.png
  artifactKey: Guid(70b8f45d56672cc43980a8d66dc82b2a) Importer(815301076,1909f56bfc062723c751e8b465ee728b)
Start importing Assets/Art/dver2.png using Guid(70b8f45d56672cc43980a8d66dc82b2a) Importer(815301076,1909f56bfc062723c751e8b465ee728b)  -> (artifact id: '366c927316f177f71618b29ad1bb420d') in 0.010228 seconds 
========================================================================
Received Import Request.
  Time since last request: 37.438570 seconds.
  path: Assets/Art/krov1.png
  artifactKey: Guid(dc5941cd91f671e499a0c3d706040edd) Importer(815301076,1909f56bfc062723c751e8b465ee728b)
Start importing Assets/Art/krov1.png using Guid(dc5941cd91f671e499a0c3d706040edd) Importer(815301076,1909f56bfc062723c751e8b465ee728b)  -> (artifact id: 'b98b19a9e025b520f17b3893ac455e7e') in 0.011603 seconds 
========================================================================
Received Import Request.
  Time since last request: 42.685731 seconds.
  path: Assets/Art/krov2.png
  artifactKey: Guid(a68592e8cabd67e44a8aea3344cc12ea) Importer(815301076,1909f56bfc062723c751e8b465ee728b)
Start importing Assets/Art/krov2.png using Guid(a68592e8cabd67e44a8aea3344cc12ea) Importer(815301076,1909f56bfc062723c751e8b465ee728b)  -> (artifact id: '125f48602ad3e9c5977404453bd33356') in 0.010914 seconds 
========================================================================
Received Import Request.
  Time since last request: 21.962344 seconds.
  path: Assets/Art/krov3.png
  artifactKey: Guid(f596f7f41e2037e4eb53e185a5c76776) Importer(815301076,1909f56bfc062723c751e8b465ee728b)
Start importing Assets/Art/krov3.png using Guid(f596f7f41e2037e4eb53e185a5c76776) Importer(815301076,1909f56bfc062723c751e8b465ee728b)  -> (artifact id: '8ca11bb279b2d8f40d6b697fece927c9') in 0.011692 seconds 
========================================================================
Received Import Request.
  Time since last request: 256.028681 seconds.
  path: Assets/Prefab/koridorWithProhod.prefab
  artifactKey: Guid(d205db9e4f4efbe4d9d28c28658946ea) Importer(815301076,1909f56bfc062723c751e8b465ee728b)
Start importing Assets/Prefab/koridorWithProhod.prefab using Guid(d205db9e4f4efbe4d9d28c28658946ea) Importer(815301076,1909f56bfc062723c751e8b465ee728b)  -> (artifact id: '35b4e16311035fd4d544f09ba43368d0') in 0.011740 seconds 
========================================================================
Received Import Request.
  Time since last request: 699.710053 seconds.
  path: Assets/knife
  artifactKey: Guid(e148dd295de3ffd4293d660e276e1913) Importer(815301076,1909f56bfc062723c751e8b465ee728b)
Start importing Assets/knife using Guid(e148dd295de3ffd4293d660e276e1913) Importer(815301076,1909f56bfc062723c751e8b465ee728b)  -> (artifact id: 'b6c7c3bb244c007e067866b273cc6ba8') in 0.006170 seconds 
========================================================================
Received Import Request.
  Time since last request: 55.406556 seconds.
  path: Assets/Art/wood-cladding-texture-seamless.png
  artifactKey: Guid(c8a1f67c6a12d30488af0a53708718f5) Importer(815301076,1909f56bfc062723c751e8b465ee728b)
Start importing Assets/Art/wood-cladding-texture-seamless.png using Guid(c8a1f67c6a12d30488af0a53708718f5) Importer(815301076,1909f56bfc062723c751e8b465ee728b)  -> (artifact id: 'ff34865987ae1304db8857d5bffdab41') in 0.013742 seconds 
========================================================================
Received Import Request.
  Time since last request: 51.317649 seconds.
  path: Assets/Art/dver1.png
  artifactKey: Guid(1e5a9ba5265ecb14c9d4e84576a26d61) Importer(815301076,1909f56bfc062723c751e8b465ee728b)
Start importing Assets/Art/dver1.png using Guid(1e5a9ba5265ecb14c9d4e84576a26d61) Importer(815301076,1909f56bfc062723c751e8b465ee728b)  -> (artifact id: 'd5bf62c5ff4771de2c0cbd0e3325c371') in 0.048571 seconds 
========================================================================
Received Import Request.
  Time since last request: 5.797557 seconds.
  path: Assets/Art/dver2.png
  artifactKey: Guid(70b8f45d56672cc43980a8d66dc82b2a) Importer(815301076,1909f56bfc062723c751e8b465ee728b)
Start importing Assets/Art/dver2.png using Guid(70b8f45d56672cc43980a8d66dc82b2a) Importer(815301076,1909f56bfc062723c751e8b465ee728b)  -> (artifact id: '9b9694b6cb2491a1f184d2ec795c1496') in 0.037072 seconds 
========================================================================
Received Import Request.
  Time since last request: 15.160078 seconds.
  path: Assets/Art/krov1.png
  artifactKey: Guid(dc5941cd91f671e499a0c3d706040edd) Importer(815301076,1909f56bfc062723c751e8b465ee728b)
Start importing Assets/Art/krov1.png using Guid(dc5941cd91f671e499a0c3d706040edd) Importer(815301076,1909f56bfc062723c751e8b465ee728b)  -> (artifact id: '7c86616fcfe55b2ace790d45f80fb5fe') in 0.055831 seconds 
========================================================================
Received Import Request.
  Time since last request: 7.208855 seconds.
  path: Assets/Art/krov2.png
  artifactKey: Guid(a68592e8cabd67e44a8aea3344cc12ea) Importer(815301076,1909f56bfc062723c751e8b465ee728b)
Start importing Assets/Art/krov2.png using Guid(a68592e8cabd67e44a8aea3344cc12ea) Importer(815301076,1909f56bfc062723c751e8b465ee728b)  -> (artifact id: '3369d177213025c9e47d4aafe8a6188c') in 0.043457 seconds 
========================================================================
Received Import Request.
  Time since last request: 7.857497 seconds.
  path: Assets/Art/krov3.png
  artifactKey: Guid(f596f7f41e2037e4eb53e185a5c76776) Importer(815301076,1909f56bfc062723c751e8b465ee728b)
Start importing Assets/Art/krov3.png using Guid(f596f7f41e2037e4eb53e185a5c76776) Importer(815301076,1909f56bfc062723c751e8b465ee728b)  -> (artifact id: '198f0195e5c7ebd02b24d87556a1cd8c') in 0.163888 seconds 
========================================================================
Received Import Request.
  Time since last request: 6.535876 seconds.
  path: Assets/Art/wood-cladding-texture-seamless.png
  artifactKey: Guid(c8a1f67c6a12d30488af0a53708718f5) Importer(815301076,1909f56bfc062723c751e8b465ee728b)
Start importing Assets/Art/wood-cladding-texture-seamless.png using Guid(c8a1f67c6a12d30488af0a53708718f5) Importer(815301076,1909f56bfc062723c751e8b465ee728b)  -> (artifact id: 'a200877e57ca7a53f1ec1d7b1c86db3f') in 0.048557 seconds 
========================================================================
Received Import Request.
  Time since last request: 105.932685 seconds.
  path: Assets/Color/New Material.mat
  artifactKey: Guid(7b3b8223761b1744e90a6cdde2903e55) Importer(815301076,1909f56bfc062723c751e8b465ee728b)
Start importing Assets/Color/New Material.mat using Guid(7b3b8223761b1744e90a6cdde2903e55) Importer(815301076,1909f56bfc062723c751e8b465ee728b)  -> (artifact id: '99b6367deb6ee3ef09f77eae65fd22fd') in 0.019045 seconds 
========================================================================
Received Import Request.
  Time since last request: 1244.504320 seconds.
  path: Assets/Furniture/Source
  artifactKey: Guid(305530ec33c271b4c89709d8dc07f592) Importer(815301076,1909f56bfc062723c751e8b465ee728b)
Start importing Assets/Furniture/Source using Guid(305530ec33c271b4c89709d8dc07f592) Importer(815301076,1909f56bfc062723c751e8b465ee728b)  -> (artifact id: '327ab02b47a9d501eecd222b33ada8e2') in 0.006615 seconds 
========================================================================
Received Import Request.
  Time since last request: 2.224829 seconds.
  path: Assets/Furniture/Source/Textures
  artifactKey: Guid(82c4cd4828037a944b214be76986f118) Importer(815301076,1909f56bfc062723c751e8b465ee728b)
Start importing Assets/Furniture/Source/Textures using Guid(82c4cd4828037a944b214be76986f118) Importer(815301076,1909f56bfc062723c751e8b465ee728b)  -> (artifact id: '9b993898a50e13af7a4ae7f4013fe86e') in 0.006193 seconds 
========================================================================
Received Import Request.
  Time since last request: 1.396006 seconds.
  path: Assets/Furniture/Source/Textures/2Seat_BaseColor.tga
  artifactKey: Guid(6efeba75555bc534e893eedd901158ce) Importer(815301076,1909f56bfc062723c751e8b465ee728b)
Start importing Assets/Furniture/Source/Textures/2Seat_BaseColor.tga using Guid(6efeba75555bc534e893eedd901158ce) Importer(815301076,1909f56bfc062723c751e8b465ee728b)  -> (artifact id: '65c681415b9909e374e24d4917e07de9') in 0.031454 seconds 
========================================================================
Received Import Request.
  Time since last request: 0.000023 seconds.
  path: Assets/Furniture/Source/Textures/komm2_BaseColor.tga
  artifactKey: Guid(9fbb0981c7b47bb4aa7c96257d163a0c) Importer(815301076,1909f56bfc062723c751e8b465ee728b)
Start importing Assets/Furniture/Source/Textures/komm2_BaseColor.tga using Guid(9fbb0981c7b47bb4aa7c96257d163a0c) Importer(815301076,1909f56bfc062723c751e8b465ee728b)  -> (artifact id: 'ef3301029ba5f5dc140d2eac4c5d269c') in 0.023114 seconds 
========================================================================
Received Import Request.
  Time since last request: 0.000020 seconds.
  path: Assets/Furniture/Source/Textures/3Seat_BaseColor.tga
  artifactKey: Guid(b26ed971f51d79d4f85cb49b41444bcf) Importer(815301076,1909f56bfc062723c751e8b465ee728b)
Start importing Assets/Furniture/Source/Textures/3Seat_BaseColor.tga using Guid(b26ed971f51d79d4f85cb49b41444bcf) Importer(815301076,1909f56bfc062723c751e8b465ee728b)  -> (artifact id: '8bf186d6a0de671f4e16d50709d78a3b') in 0.023174 seconds 
========================================================================
Received Import Request.
  Time since last request: 0.000024 seconds.
  path: Assets/Furniture/Source/Textures/chair_chair_Albedo.tga
  artifactKey: Guid(4ba86f10635d7034cac10dda5fb0e27e) Importer(815301076,1909f56bfc062723c751e8b465ee728b)
Start importing Assets/Furniture/Source/Textures/chair_chair_Albedo.tga using Guid(4ba86f10635d7034cac10dda5fb0e27e) Importer(815301076,1909f56bfc062723c751e8b465ee728b)  -> (artifact id: 'a364200d9b039b2df1024a4e7171c7f9') in 0.022592 seconds 
========================================================================
Received Import Request.
  Time since last request: 0.000031 seconds.
  path: Assets/Furniture/Source/Textures/fotel2_mask.tga
  artifactKey: Guid(0fb7f90caa5da0a47a20c31f8d66dfdb) Importer(815301076,1909f56bfc062723c751e8b465ee728b)
Start importing Assets/Furniture/Source/Textures/fotel2_mask.tga using Guid(0fb7f90caa5da0a47a20c31f8d66dfdb) Importer(815301076,1909f56bfc062723c751e8b465ee728b)  -> (artifact id: '8e786c5a069cc9ca00391d4d10539cf4') in 0.021323 seconds 
========================================================================
Received Import Request.
  Time since last request: 0.000016 seconds.
  path: Assets/Furniture/Source/Textures/fotel2_BaseColor.tga
  artifactKey: Guid(5b9b4fdfc5a761b4b8b0a55a03597a4e) Importer(815301076,1909f56bfc062723c751e8b465ee728b)
Start importing Assets/Furniture/Source/Textures/fotel2_BaseColor.tga using Guid(5b9b4fdfc5a761b4b8b0a55a03597a4e) Importer(815301076,1909f56bfc062723c751e8b465ee728b)  -> (artifact id: '808dea6eefc4d2cbc0e3b2b6324581ef') in 0.017872 seconds 
========================================================================
Received Import Request.
  Time since last request: 0.000031 seconds.
  path: Assets/Furniture/Source/Textures/Kom_mask.tga
  artifactKey: Guid(0077365039974c643b5e82731ad9261e) Importer(815301076,1909f56bfc062723c751e8b465ee728b)
Start importing Assets/Furniture/Source/Textures/Kom_mask.tga using Guid(0077365039974c643b5e82731ad9261e) Importer(815301076,1909f56bfc062723c751e8b465ee728b)  -> (artifact id: '7f97793d8954db55cc7e02caff051348') in 0.020426 seconds 
========================================================================
Received Import Request.
  Time since last request: 0.000023 seconds.
  path: Assets/Furniture/Source/Textures/closet_BaseColor.tga
  artifactKey: Guid(b30fe4002f5cf234e8a13f459c809505) Importer(815301076,1909f56bfc062723c751e8b465ee728b)
Start importing Assets/Furniture/Source/Textures/closet_BaseColor.tga using Guid(b30fe4002f5cf234e8a13f459c809505) Importer(815301076,1909f56bfc062723c751e8b465ee728b)  -> (artifact id: 'c90715a7d0457635877ee34148053698') in 0.018723 seconds 
========================================================================
Received Import Request.
  Time since last request: 0.000024 seconds.
  path: Assets/Furniture/Source/Textures/closet2_Normal.png
  artifactKey: Guid(cdd8f54c64236c74ea519dc146c6579f) Importer(815301076,1909f56bfc062723c751e8b465ee728b)
Start importing Assets/Furniture/Source/Textures/closet2_Normal.png using Guid(cdd8f54c64236c74ea519dc146c6579f) Importer(815301076,1909f56bfc062723c751e8b465ee728b)  -> (artifact id: '3761ab5a71ac7e8a1157fa0df64df8a3') in 0.027832 seconds 
========================================================================
Received Import Request.
  Time since last request: 0.000030 seconds.
  path: Assets/Furniture/Source/Textures/closet3_Normal.png
  artifactKey: Guid(9b9805e3413e736459fea4fb7f7cbccd) Importer(815301076,1909f56bfc062723c751e8b465ee728b)
Start importing Assets/Furniture/Source/Textures/closet3_Normal.png using Guid(9b9805e3413e736459fea4fb7f7cbccd) Importer(815301076,1909f56bfc062723c751e8b465ee728b)  -> (artifact id: '9617aff8dadb9cf29136057666192643') in 0.027588 seconds 
========================================================================
Received Import Request.
  Time since last request: 0.000022 seconds.
  path: Assets/Furniture/Source/Textures/MetalTable_mask.tga
  artifactKey: Guid(e529ab6846575444c8abcdcd06938b34) Importer(815301076,1909f56bfc062723c751e8b465ee728b)
Start importing Assets/Furniture/Source/Textures/MetalTable_mask.tga using Guid(e529ab6846575444c8abcdcd06938b34) Importer(815301076,1909f56bfc062723c751e8b465ee728b)  -> (artifact id: '3632a2c26761671aeacf3f392a659f41') in 0.024768 seconds 
========================================================================
Received Import Request.
  Time since last request: 0.000038 seconds.
  path: Assets/Furniture/Source/Textures/3SeatDirt_mask.tga
  artifactKey: Guid(5a44fcec9a83a9b4ba369b5dfab3a8ef) Importer(815301076,1909f56bfc062723c751e8b465ee728b)
Start importing Assets/Furniture/Source/Textures/3SeatDirt_mask.tga using Guid(5a44fcec9a83a9b4ba369b5dfab3a8ef) Importer(815301076,1909f56bfc062723c751e8b465ee728b)  -> (artifact id: 'b1ada23a3ae650d478548371d8dab7c8') in 0.028196 seconds 
========================================================================
Received Import Request.
  Time since last request: 0.000023 seconds.
  path: Assets/Furniture/Source/Textures/couch_Normal.tga
  artifactKey: Guid(f201115348ec8204cb59b00508377eca) Importer(815301076,1909f56bfc062723c751e8b465ee728b)
Start importing Assets/Furniture/Source/Textures/couch_Normal.tga using Guid(f201115348ec8204cb59b00508377eca) Importer(815301076,1909f56bfc062723c751e8b465ee728b)  -> (artifact id: 'cd7484535427ab755f7aa3065c6a599f') in 0.030179 seconds 
========================================================================
Received Import Request.
  Time since last request: 0.000034 seconds.
  path: Assets/Furniture/Source/Textures/2SeatD_BaseColor.tga
  artifactKey: Guid(ec322fd5963e8974fbc52de2bb31d3d5) Importer(815301076,1909f56bfc062723c751e8b465ee728b)
Start importing Assets/Furniture/Source/Textures/2SeatD_BaseColor.tga using Guid(ec322fd5963e8974fbc52de2bb31d3d5) Importer(815301076,1909f56bfc062723c751e8b465ee728b)  -> (artifact id: '32e301fd5fa7c04ec83db0070accdbb3') in 0.024182 seconds 
========================================================================
Received Import Request.
  Time since last request: 0.000040 seconds.
  path: Assets/Furniture/Source/Textures/3Seat_mask.tga
  artifactKey: Guid(10d652b3ce4d695489cefffe82691c7e) Importer(815301076,1909f56bfc062723c751e8b465ee728b)
Start importing Assets/Furniture/Source/Textures/3Seat_mask.tga using Guid(10d652b3ce4d695489cefffe82691c7e) Importer(815301076,1909f56bfc062723c751e8b465ee728b)  -> (artifact id: '0c1d5b7908cc0db48b7ec20fd93f77d6') in 0.023968 seconds 
========================================================================
Received Import Request.
  Time since last request: 0.000029 seconds.
  path: Assets/Furniture/Source/Textures/Kom_Normal.png
  artifactKey: Guid(81f27ea03c185a843bcb8d8bf17f2d2c) Importer(815301076,1909f56bfc062723c751e8b465ee728b)
Start importing Assets/Furniture/Source/Textures/Kom_Normal.png using Guid(81f27ea03c185a843bcb8d8bf17f2d2c) Importer(815301076,1909f56bfc062723c751e8b465ee728b)  -> (artifact id: 'f388f61976e9a94efe1dcb21887597e3') in 0.024869 seconds 
========================================================================
Received Import Request.
  Time since last request: 0.000021 seconds.
  path: Assets/Furniture/Source/Textures/2SeatD_mask.tga
  artifactKey: Guid(f1d33e39cf03d834ba5ac2aaf7260c9c) Importer(815301076,1909f56bfc062723c751e8b465ee728b)
Start importing Assets/Furniture/Source/Textures/2SeatD_mask.tga using Guid(f1d33e39cf03d834ba5ac2aaf7260c9c) Importer(815301076,1909f56bfc062723c751e8b465ee728b)  -> (artifact id: '50978218ebbe92d04484e992ba5cab95') in 0.027789 seconds 
========================================================================
Received Import Request.
  Time since last request: 0.000031 seconds.
  path: Assets/Furniture/Source/Textures/closet3_BaseColor.tga
  artifactKey: Guid(cd212f4fadebc22448a1e2e0b71802a4) Importer(815301076,1909f56bfc062723c751e8b465ee728b)
Start importing Assets/Furniture/Source/Textures/closet3_BaseColor.tga using Guid(cd212f4fadebc22448a1e2e0b71802a4) Importer(815301076,1909f56bfc062723c751e8b465ee728b)  -> (artifact id: '7589569e2ce38b5079d03088e0ed6c97') in 0.020802 seconds 
========================================================================
Received Import Request.
  Time since last request: 0.000036 seconds.
  path: Assets/Furniture/Source/Textures/komm2_Normal.png
  artifactKey: Guid(b30f3540dbfc6ab49aceb559e7a42da8) Importer(815301076,1909f56bfc062723c751e8b465ee728b)
Start importing Assets/Furniture/Source/Textures/komm2_Normal.png using Guid(b30f3540dbfc6ab49aceb559e7a42da8) Importer(815301076,1909f56bfc062723c751e8b465ee728b)  -> (artifact id: '85379f6c0f90bc29f0d4b3a3101404ba') in 0.027045 seconds 
========================================================================
Received Import Request.
  Time since last request: 0.000018 seconds.
  path: Assets/Furniture/Source/Textures/3Seat_Normal.tga
  artifactKey: Guid(e56d8a29b833bb9448ec149fdde0871c) Importer(815301076,1909f56bfc062723c751e8b465ee728b)
Start importing Assets/Furniture/Source/Textures/3Seat_Normal.tga using Guid(e56d8a29b833bb9448ec149fdde0871c) Importer(815301076,1909f56bfc062723c751e8b465ee728b)  -> (artifact id: '9ff57c94f1603eafc01b86c715abb7bf') in 0.023784 seconds 
========================================================================
Received Import Request.
  Time since last request: 0.000017 seconds.
  path: Assets/Furniture/Source/Textures/chair_chair_Metallic.tga
  artifactKey: Guid(8cc7c3d1a987f8944896f44f18284a51) Importer(815301076,1909f56bfc062723c751e8b465ee728b)
Start importing Assets/Furniture/Source/Textures/chair_chair_Metallic.tga using Guid(8cc7c3d1a987f8944896f44f18284a51) Importer(815301076,1909f56bfc062723c751e8b465ee728b)  -> (artifact id: '4d4d1c724bfa74f9177add65e6c7c956') in 0.017954 seconds 
========================================================================
Received Import Request.
  Time since last request: 0.000022 seconds.
  path: Assets/Furniture/Source/Textures/3SeatDirt_BaseColor.tga
  artifactKey: Guid(5e44a7f75c2b6cb4893079118e51e2e9) Importer(815301076,1909f56bfc062723c751e8b465ee728b)
Start importing Assets/Furniture/Source/Textures/3SeatDirt_BaseColor.tga using Guid(5e44a7f75c2b6cb4893079118e51e2e9) Importer(815301076,1909f56bfc062723c751e8b465ee728b)  -> (artifact id: 'ee455d80924a82f88cf5f6f12e6736b3') in 0.023026 seconds 
========================================================================
Received Import Request.
  Time since last request: 0.000036 seconds.
  path: Assets/Furniture/Source/Textures/3Seat2D_mask.tga
  artifactKey: Guid(49d9243b26fef7849beb17dd739b254f) Importer(815301076,1909f56bfc062723c751e8b465ee728b)
Start importing Assets/Furniture/Source/Textures/3Seat2D_mask.tga using Guid(49d9243b26fef7849beb17dd739b254f) Importer(815301076,1909f56bfc062723c751e8b465ee728b)  -> (artifact id: 'c0c919677878796bf843526fe72a87ef') in 0.019507 seconds 
========================================================================
Received Import Request.
  Time since last request: 0.000021 seconds.
  path: Assets/Furniture/Source/Textures/3Seat2_mask.tga
  artifactKey: Guid(bfa88983bd139804bb61a5d61e1f070b) Importer(815301076,1909f56bfc062723c751e8b465ee728b)
Start importing Assets/Furniture/Source/Textures/3Seat2_mask.tga using Guid(bfa88983bd139804bb61a5d61e1f070b) Importer(815301076,1909f56bfc062723c751e8b465ee728b)  -> (artifact id: 'ce6ca70cb990942efb1709fa5d47b760') in 0.026283 seconds 
========================================================================
Received Import Request.
  Time since last request: 0.000037 seconds.
  path: Assets/Furniture/Source/Textures/komm2_mask.tga
  artifactKey: Guid(a1668777f602f39458d5e305d1360da7) Importer(815301076,1909f56bfc062723c751e8b465ee728b)
Start importing Assets/Furniture/Source/Textures/komm2_mask.tga using Guid(a1668777f602f39458d5e305d1360da7) Importer(815301076,1909f56bfc062723c751e8b465ee728b)  -> (artifact id: 'a8cdf83501367035400b1bb0aec99910') in 0.024234 seconds 
========================================================================
Received Import Request.
  Time since last request: 0.000026 seconds.
  path: Assets/Furniture/Source/Textures/MetalTable_Normal.tga
  artifactKey: Guid(21546a25b584c5047a08184b300200c2) Importer(815301076,1909f56bfc062723c751e8b465ee728b)
Start importing Assets/Furniture/Source/Textures/MetalTable_Normal.tga using Guid(21546a25b584c5047a08184b300200c2) Importer(815301076,1909f56bfc062723c751e8b465ee728b)  -> (artifact id: '4b3f038f77dbe989b870bcc046236639') in 0.024594 seconds 
========================================================================
Received Import Request.
  Time since last request: 1.820080 seconds.
  path: Assets/Furniture/Source/Mesh
  artifactKey: Guid(8562800842a08234fbf7b7ef7b6b5faf) Importer(815301076,1909f56bfc062723c751e8b465ee728b)
Start importing Assets/Furniture/Source/Mesh using Guid(8562800842a08234fbf7b7ef7b6b5faf) Importer(815301076,1909f56bfc062723c751e8b465ee728b)  -> (artifact id: '3400c6f4891f0b3de5ca62880e0138ff') in 0.005748 seconds 
Editor requested this worker to shutdown with reason: Scaling down because of idle timeout
AssetImportWorker is now disconnected from the server
Process exiting
Exiting without the bug reporter. Application will terminate with return code 0