Using pre-set license
Built from '2021.3/staging' branch; Version is '2021.3.8f1 (b30333d56e81) revision 11731763'; Using compiler version '192829333'; Build Type 'Release'
OS: 'Windows 10  (10.0.19044) 64bit Enterprise' Language: 'ru' Physical Memory: 32689 MB
BatchMode: 1, IsHumanControllingUs: 0, StartBugReporterOnCrash: 0, Is64bit: 1, IsPro: 1

COMMAND LINE ARGUMENTS:
C:\unity\2021.3.8f1\Editor\Unity.exe
-adb2
-batchMode
-noUpm
-name
AssetImportWorker1
-projectPath
C:/unity/teamgame/ah-vosstanie-rafikov-unity-team
-logFile
Logs/AssetImportWorker1.log
-srvPort
62650
Successfully changed project path to: C:/unity/teamgame/ah-vosstanie-rafikov-unity-team
C:/unity/teamgame/ah-vosstanie-rafikov-unity-team
[UnityMemory] Configuration Parameters - Can be set up in boot.config
    "memorysetup-bucket-allocator-granularity=16"
    "memorysetup-bucket-allocator-bucket-count=8"
    "memorysetup-bucket-allocator-block-size=33554432"
    "memorysetup-bucket-allocator-block-count=8"
    "memorysetup-main-allocator-block-size=16777216"
    "memorysetup-thread-allocator-block-size=16777216"
    "memorysetup-gfx-main-allocator-block-size=16777216"
    "memorysetup-gfx-thread-allocator-block-size=16777216"
    "memorysetup-cache-allocator-block-size=4194304"
    "memorysetup-typetree-allocator-block-size=2097152"
    "memorysetup-profiler-bucket-allocator-granularity=16"
    "memorysetup-profiler-bucket-allocator-bucket-count=8"
    "memorysetup-profiler-bucket-allocator-block-size=33554432"
    "memorysetup-profiler-bucket-allocator-block-count=8"
    "memorysetup-profiler-allocator-block-size=16777216"
    "memorysetup-profiler-editor-allocator-block-size=1048576"
    "memorysetup-temp-allocator-size-main=16777216"
    "memorysetup-job-temp-allocator-block-size=2097152"
    "memorysetup-job-temp-allocator-block-size-background=1048576"
    "memorysetup-job-temp-allocator-reduction-small-platforms=262144"
    "memorysetup-temp-allocator-size-background-worker=32768"
    "memorysetup-temp-allocator-size-job-worker=262144"
    "memorysetup-temp-allocator-size-preload-manager=33554432"
    "memorysetup-temp-allocator-size-nav-mesh-worker=65536"
    "memorysetup-temp-allocator-size-audio-worker=65536"
    "memorysetup-temp-allocator-size-cloud-worker=32768"
    "memorysetup-temp-allocator-size-gi-baking-worker=262144"
    "memorysetup-temp-allocator-size-gfx=262144"
Refreshing native plugins compatible for Editor in 73.31 ms, found 3 plugins.
Preloading 0 native plugins for Editor in 0.00 ms.
Initialize engine version: 2021.3.8f1 (b30333d56e81)
[Subsystems] Discovering subsystems at path C:/unity/2021.3.8f1/Editor/Data/Resources/UnitySubsystems
[Subsystems] Discovering subsystems at path C:/unity/teamgame/ah-vosstanie-rafikov-unity-team/Assets
GfxDevice: creating device client; threaded=0; jobified=0
Direct3D:
    Version:  Direct3D 11.0 [level 11.1]
    Renderer: AMD Radeon RX 5700 XT (ID=0x731f)
    Vendor:   ATI
    VRAM:     8151 MB
    Driver:   31.0.12027.7000
Initialize mono
Mono path[0] = 'C:/unity/2021.3.8f1/Editor/Data/Managed'
Mono path[1] = 'C:/unity/2021.3.8f1/Editor/Data/MonoBleedingEdge/lib/mono/unityjit-win32'
Mono config path = 'C:/unity/2021.3.8f1/Editor/Data/MonoBleedingEdge/etc'
Using monoOptions --debugger-agent=transport=dt_socket,embedding=1,server=y,suspend=n,address=127.0.0.1:56276
Begin MonoManager ReloadAssembly
Registering precompiled unity dll's ...
Register platform support module: C:/unity/2021.3.8f1/Editor/Data/PlaybackEngines/WindowsStandaloneSupport/UnityEditor.WindowsStandalone.Extensions.dll
Registered in 0.003593 seconds.
Native extension for WindowsStandalone target not found
Refreshing native plugins compatible for Editor in 71.75 ms, found 3 plugins.
Preloading 0 native plugins for Editor in 0.00 ms.
Mono: successfully reloaded assembly
- Completed reload, in  0.523 seconds
Domain Reload Profiling:
	ReloadAssembly (524ms)
		BeginReloadAssembly (61ms)
			ExecutionOrderSort (0ms)
			DisableScriptedObjects (0ms)
			BackupInstance (0ms)
			ReleaseScriptingObjects (0ms)
			CreateAndSetChildDomain (1ms)
		EndReloadAssembly (375ms)
			LoadAssemblies (59ms)
			RebuildTransferFunctionScriptingTraits (0ms)
			SetupTypeCache (91ms)
			ReleaseScriptCaches (0ms)
			RebuildScriptCaches (23ms)
			SetupLoadedEditorAssemblies (217ms)
				LogAssemblyErrors (0ms)
				InitializePlatformSupportModulesInManaged (6ms)
				SetLoadedEditorAssemblies (0ms)
				RefreshPlugins (72ms)
				BeforeProcessingInitializeOnLoad (1ms)
				ProcessInitializeOnLoadAttributes (102ms)
				ProcessInitializeOnLoadMethodAttributes (36ms)
				AfterProcessingInitializeOnLoad (0ms)
				EditorAssembliesLoaded (0ms)
			ExecutionOrderSort2 (0ms)
			AwakeInstancesAfterBackupRestoration (0ms)
Platform modules already initialized, skipping
Registering precompiled user dll's ...
Registered in 0.004689 seconds.
Begin MonoManager ReloadAssembly
Symbol file LoadedFromMemory doesn't match image C:\unity\teamgame\ah-vosstanie-rafikov-unity-team\Library\PackageCache\com.unity.visualscripting@1.7.8\Editor\VisualScripting.Core\Dependencies\YamlDotNet\Unity.VisualScripting.YamlDotNet.dll
Symbol file LoadedFromMemory doesn't match image C:\unity\teamgame\ah-vosstanie-rafikov-unity-team\Library\PackageCache\com.unity.visualscripting@1.7.8\Editor\VisualScripting.Core\Dependencies\DotNetZip\Unity.VisualScripting.IonicZip.dll
Native extension for WindowsStandalone target not found
Refreshing native plugins compatible for Editor in 0.60 ms, found 3 plugins.
Preloading 0 native plugins for Editor in 0.00 ms.
Mono: successfully reloaded assembly
- Completed reload, in  0.856 seconds
Domain Reload Profiling:
	ReloadAssembly (857ms)
		BeginReloadAssembly (89ms)
			ExecutionOrderSort (0ms)
			DisableScriptedObjects (5ms)
			BackupInstance (0ms)
			ReleaseScriptingObjects (0ms)
			CreateAndSetChildDomain (16ms)
		EndReloadAssembly (670ms)
			LoadAssemblies (65ms)
			RebuildTransferFunctionScriptingTraits (0ms)
			SetupTypeCache (226ms)
			ReleaseScriptCaches (1ms)
			RebuildScriptCaches (42ms)
			SetupLoadedEditorAssemblies (304ms)
				LogAssemblyErrors (0ms)
				InitializePlatformSupportModulesInManaged (4ms)
				SetLoadedEditorAssemblies (0ms)
				RefreshPlugins (1ms)
				BeforeProcessingInitializeOnLoad (74ms)
				ProcessInitializeOnLoadAttributes (195ms)
				ProcessInitializeOnLoadMethodAttributes (23ms)
				AfterProcessingInitializeOnLoad (5ms)
				EditorAssembliesLoaded (0ms)
			ExecutionOrderSort2 (0ms)
			AwakeInstancesAfterBackupRestoration (5ms)
Platform modules already initialized, skipping
========================================================================
Worker process is ready to serve import requests
Launched and connected shader compiler UnityShaderCompiler.exe after 0.03 seconds
Refreshing native plugins compatible for Editor in 0.83 ms, found 3 plugins.
Preloading 0 native plugins for Editor in 0.00 ms.
Unloading 3384 Unused Serialized files (Serialized files now loaded: 0)
Unloading 27 unused Assets / (111.5 KB). Loaded Objects now: 3865.
Memory consumption went from 129.4 MB to 129.3 MB.
Total: 2.530400 ms (FindLiveObjects: 0.270100 ms CreateObjectMapping: 0.214500 ms MarkObjects: 1.948300 ms  DeleteObjects: 0.097000 ms)

AssetImportParameters requested are different than current active one (requested -> active):
  custom:video-decoder-ogg-theora: a1e56fd34408186e4bbccfd4996cb3dc -> 
  custom:container-muxer-webm: aa71ff27fc2769a1b78a27578f13a17b -> 
  custom:container-demuxer-webm: 4f35f7cbe854078d1ac9338744f61a02 -> 
  custom:video-encoder-webm-vp8: eb34c28f22e8b96e1ab97ce403110664 -> 
  custom:audio-encoder-webm-vorbis: bf7c407c2cedff20999df2af8eb42d56 -> 
  custom:framework-win-MediaFoundation: 216162199b28c13a410421893ffa2e32 -> 
  custom:container-demuxer-ogg: 62fdf1f143b41e24485cea50d1cbac27 -> 
  custom:video-decoder-webm-vp8: 9c59270c3fd7afecdb556c50c9e8de78 -> 
  custom:audio-decoder-ogg-vorbis: bf7c407c2cedff20999df2af8eb42d56 -> 
========================================================================
Received Import Request.
  Time since last request: 179931.487091 seconds.
  path: Assets/Prefab/koridor 1.prefab
  artifactKey: Guid(4cb31f14d8409604fb5cea88adc5e878) Importer(815301076,1909f56bfc062723c751e8b465ee728b)
Start importing Assets/Prefab/koridor 1.prefab using Guid(4cb31f14d8409604fb5cea88adc5e878) Importer(815301076,1909f56bfc062723c751e8b465ee728b)  -> (artifact id: 'cc6f3474abd95da68dbd17022d2fb180') in 0.111617 seconds 
========================================================================
Received Import Request.
  Time since last request: 3774.846622 seconds.
  path: Assets/Furniture/Source/Textures/2Seat_mask.tga
  artifactKey: Guid(4fce1f5a96537384c8f15944e2449dc0) Importer(815301076,1909f56bfc062723c751e8b465ee728b)
Start importing Assets/Furniture/Source/Textures/2Seat_mask.tga using Guid(4fce1f5a96537384c8f15944e2449dc0) Importer(815301076,1909f56bfc062723c751e8b465ee728b)  -> (artifact id: 'a09328ca854d932261604856938f1726') in 0.044497 seconds 
========================================================================
Received Import Request.
  Time since last request: 0.000030 seconds.
  path: Assets/Furniture/Source/Textures/3Seat2_Normal.tga
  artifactKey: Guid(e7a62a18c972ca44abc3148673336008) Importer(815301076,1909f56bfc062723c751e8b465ee728b)
Start importing Assets/Furniture/Source/Textures/3Seat2_Normal.tga using Guid(e7a62a18c972ca44abc3148673336008) Importer(815301076,1909f56bfc062723c751e8b465ee728b)  -> (artifact id: '81983c109de14c07ac3a16fa6a8dea90') in 0.029350 seconds 
========================================================================
Received Import Request.
  Time since last request: 0.000024 seconds.
  path: Assets/Furniture/Source/Textures/couch_BaseColor.tga
  artifactKey: Guid(bb72810a10bdd4845b4c38addff488d5) Importer(815301076,1909f56bfc062723c751e8b465ee728b)
Start importing Assets/Furniture/Source/Textures/couch_BaseColor.tga using Guid(bb72810a10bdd4845b4c38addff488d5) Importer(815301076,1909f56bfc062723c751e8b465ee728b)  -> (artifact id: 'fc3b4a9e421a73ff57f2f00a9d15dd75') in 0.023522 seconds 
========================================================================
Received Import Request.
  Time since last request: 0.000027 seconds.
  path: Assets/Furniture/Source/Textures/chair_chair_Normal.png
  artifactKey: Guid(071983e8e477c2a438d2549a597b08e4) Importer(815301076,1909f56bfc062723c751e8b465ee728b)
Start importing Assets/Furniture/Source/Textures/chair_chair_Normal.png using Guid(071983e8e477c2a438d2549a597b08e4) Importer(815301076,1909f56bfc062723c751e8b465ee728b)  -> (artifact id: 'e7102b5fbabd57229f426f14b0b22b9b') in 0.026504 seconds 
========================================================================
Received Import Request.
  Time since last request: 0.000015 seconds.
  path: Assets/Furniture/Source/Textures/2SeatD_Normal.tga
  artifactKey: Guid(88edae7faff09cd4492fcd83e23080dd) Importer(815301076,1909f56bfc062723c751e8b465ee728b)
Start importing Assets/Furniture/Source/Textures/2SeatD_Normal.tga using Guid(88edae7faff09cd4492fcd83e23080dd) Importer(815301076,1909f56bfc062723c751e8b465ee728b)  -> (artifact id: '554a76199c9a3b1ede9118c8e355ad43') in 0.025301 seconds 
========================================================================
Received Import Request.
  Time since last request: 0.000028 seconds.
  path: Assets/Furniture/Source/Textures/closet_Normal.tga
  artifactKey: Guid(2d2dac88e37b65f4fae79adc3d8ce43d) Importer(815301076,1909f56bfc062723c751e8b465ee728b)
Start importing Assets/Furniture/Source/Textures/closet_Normal.tga using Guid(2d2dac88e37b65f4fae79adc3d8ce43d) Importer(815301076,1909f56bfc062723c751e8b465ee728b)  -> (artifact id: 'f85254a701fc24e6e93158e630f2f246') in 0.020216 seconds 
========================================================================
Received Import Request.
  Time since last request: 0.000022 seconds.
  path: Assets/Furniture/Source/Textures/closet3_mask.tga
  artifactKey: Guid(0a92627edb3f2114c857823f98e99c5c) Importer(815301076,1909f56bfc062723c751e8b465ee728b)
Start importing Assets/Furniture/Source/Textures/closet3_mask.tga using Guid(0a92627edb3f2114c857823f98e99c5c) Importer(815301076,1909f56bfc062723c751e8b465ee728b)  -> (artifact id: 'ee2249168ae7f58ffda0470162d90e43') in 0.023623 seconds 
========================================================================
Received Import Request.
  Time since last request: 0.000039 seconds.
  path: Assets/Furniture/Source/Textures/couch_mask.tga
  artifactKey: Guid(49ec408c83351b34490bba7a2e7b7d0d) Importer(815301076,1909f56bfc062723c751e8b465ee728b)
Start importing Assets/Furniture/Source/Textures/couch_mask.tga using Guid(49ec408c83351b34490bba7a2e7b7d0d) Importer(815301076,1909f56bfc062723c751e8b465ee728b)  -> (artifact id: '280e6d5c95d967b277e725cb8e23a5d1') in 0.028100 seconds 
========================================================================
Received Import Request.
  Time since last request: 0.000024 seconds.
  path: Assets/Furniture/Source/Textures/Kom_BaseColor.tga
  artifactKey: Guid(ea6b039aad9f4e146b7d35aba839b4af) Importer(815301076,1909f56bfc062723c751e8b465ee728b)
Start importing Assets/Furniture/Source/Textures/Kom_BaseColor.tga using Guid(ea6b039aad9f4e146b7d35aba839b4af) Importer(815301076,1909f56bfc062723c751e8b465ee728b)  -> (artifact id: '7846e4d3f5b2ab90f8a09319b1bdff46') in 0.022300 seconds 
========================================================================
Received Import Request.
  Time since last request: 0.000020 seconds.
  path: Assets/Furniture/Source/Textures/fotel2D_Normal.tga
  artifactKey: Guid(69935d7f86f2bed45886b2eb30177bdc) Importer(815301076,1909f56bfc062723c751e8b465ee728b)
Start importing Assets/Furniture/Source/Textures/fotel2D_Normal.tga using Guid(69935d7f86f2bed45886b2eb30177bdc) Importer(815301076,1909f56bfc062723c751e8b465ee728b)  -> (artifact id: 'f84416ff7d0f9ef773dc3f8fed3fb8ac') in 0.030798 seconds 
========================================================================
Received Import Request.
  Time since last request: 0.000026 seconds.
  path: Assets/Furniture/Source/Textures/fotel2_Normal.tga
  artifactKey: Guid(df33d9bee18fb4d4996dcb12d1f0c3d7) Importer(815301076,1909f56bfc062723c751e8b465ee728b)
Start importing Assets/Furniture/Source/Textures/fotel2_Normal.tga using Guid(df33d9bee18fb4d4996dcb12d1f0c3d7) Importer(815301076,1909f56bfc062723c751e8b465ee728b)  -> (artifact id: '06864ed8444facd64e5108c9e42dce79') in 0.025176 seconds 
========================================================================
Received Import Request.
  Time since last request: 0.000032 seconds.
  path: Assets/Furniture/Source/Textures/RoundTable_BaseColor.tga
  artifactKey: Guid(2cdbbeb780911dd49ad1dc94c0a3d46b) Importer(815301076,1909f56bfc062723c751e8b465ee728b)
Start importing Assets/Furniture/Source/Textures/RoundTable_BaseColor.tga using Guid(2cdbbeb780911dd49ad1dc94c0a3d46b) Importer(815301076,1909f56bfc062723c751e8b465ee728b)  -> (artifact id: '1f1d3f94fc0eb23aed19f41c8800ceaf') in 0.023211 seconds 
========================================================================
Received Import Request.
  Time since last request: 0.000022 seconds.
  path: Assets/Furniture/Source/Textures/fotel2D_BaseColor.tga
  artifactKey: Guid(bc479da0ad59e3f4180fba37878275f1) Importer(815301076,1909f56bfc062723c751e8b465ee728b)
Start importing Assets/Furniture/Source/Textures/fotel2D_BaseColor.tga using Guid(bc479da0ad59e3f4180fba37878275f1) Importer(815301076,1909f56bfc062723c751e8b465ee728b)  -> (artifact id: '8228e3c00a017963122578e50e409ff5') in 0.025747 seconds 
========================================================================
Received Import Request.
  Time since last request: 0.000025 seconds.
  path: Assets/Furniture/Source/Textures/closet_mask.tga
  artifactKey: Guid(d341078a1b455be4f9a278550b31fb3d) Importer(815301076,1909f56bfc062723c751e8b465ee728b)
Start importing Assets/Furniture/Source/Textures/closet_mask.tga using Guid(d341078a1b455be4f9a278550b31fb3d) Importer(815301076,1909f56bfc062723c751e8b465ee728b)  -> (artifact id: '5b9d47a57c5d722510338f0762bcd6a0') in 0.019907 seconds 
========================================================================
Received Import Request.
  Time since last request: 0.000025 seconds.
  path: Assets/Furniture/Source/Textures/closet2_mask.tga
  artifactKey: Guid(ed44f9274d13c3146abc4b9fcf4e7c52) Importer(815301076,1909f56bfc062723c751e8b465ee728b)
Start importing Assets/Furniture/Source/Textures/closet2_mask.tga using Guid(ed44f9274d13c3146abc4b9fcf4e7c52) Importer(815301076,1909f56bfc062723c751e8b465ee728b)  -> (artifact id: '939bd4928e8f0d66934c9c2dc2829c53') in 0.023579 seconds 
========================================================================
Received Import Request.
  Time since last request: 0.000027 seconds.
  path: Assets/Furniture/Source/Textures/3SeatDirt_Normal.tga
  artifactKey: Guid(8379405848fffb5458b0fa2a0b245cf7) Importer(815301076,1909f56bfc062723c751e8b465ee728b)
Start importing Assets/Furniture/Source/Textures/3SeatDirt_Normal.tga using Guid(8379405848fffb5458b0fa2a0b245cf7) Importer(815301076,1909f56bfc062723c751e8b465ee728b)  -> (artifact id: '30b4ea683c74fd70f35ae012849da92b') in 0.026697 seconds 
========================================================================
Received Import Request.
  Time since last request: 0.000029 seconds.
  path: Assets/Furniture/Source/Textures/RoundTable_mask.tga
  artifactKey: Guid(2d82b954c8fa37e4dadbd2bdc219ea2f) Importer(815301076,1909f56bfc062723c751e8b465ee728b)
Start importing Assets/Furniture/Source/Textures/RoundTable_mask.tga using Guid(2d82b954c8fa37e4dadbd2bdc219ea2f) Importer(815301076,1909f56bfc062723c751e8b465ee728b)  -> (artifact id: '46f78e18ec22077895aa69ef0fb95cb8') in 0.018908 seconds 
========================================================================
Received Import Request.
  Time since last request: 0.000022 seconds.
  path: Assets/Furniture/Source/Textures/RoundTable_Normal.tga
  artifactKey: Guid(c769d772c3e960b4cb4fde9b52101b27) Importer(815301076,1909f56bfc062723c751e8b465ee728b)
Start importing Assets/Furniture/Source/Textures/RoundTable_Normal.tga using Guid(c769d772c3e960b4cb4fde9b52101b27) Importer(815301076,1909f56bfc062723c751e8b465ee728b)  -> (artifact id: '78d35fe9854083db333d9d9c9ecaa614') in 0.018837 seconds 
========================================================================
Received Import Request.
  Time since last request: 0.000039 seconds.
  path: Assets/Furniture/Source/Textures/3Seat2D_Normal.tga
  artifactKey: Guid(26b4462436ee216469164696286f99eb) Importer(815301076,1909f56bfc062723c751e8b465ee728b)
Start importing Assets/Furniture/Source/Textures/3Seat2D_Normal.tga using Guid(26b4462436ee216469164696286f99eb) Importer(815301076,1909f56bfc062723c751e8b465ee728b)  -> (artifact id: '5889965756382d597191ce64447f3d4c') in 0.020648 seconds 
========================================================================
Received Import Request.
  Time since last request: 0.000019 seconds.
  path: Assets/Furniture/Source/Textures/2Seat_Normal.tga
  artifactKey: Guid(3fe011b5495c9f84b80c1a03685efe16) Importer(815301076,1909f56bfc062723c751e8b465ee728b)
Start importing Assets/Furniture/Source/Textures/2Seat_Normal.tga using Guid(3fe011b5495c9f84b80c1a03685efe16) Importer(815301076,1909f56bfc062723c751e8b465ee728b)  -> (artifact id: '5f5cc243192c014ddcc52881bd7d1a38') in 0.025099 seconds 
========================================================================
Received Import Request.
  Time since last request: 0.000023 seconds.
  path: Assets/Furniture/Source/Textures/fotel2D_mask.tga
  artifactKey: Guid(d6c5dcab38d2a04459dc873b609af790) Importer(815301076,1909f56bfc062723c751e8b465ee728b)
Start importing Assets/Furniture/Source/Textures/fotel2D_mask.tga using Guid(d6c5dcab38d2a04459dc873b609af790) Importer(815301076,1909f56bfc062723c751e8b465ee728b)  -> (artifact id: '35fcfc1b718c987f8fed3de3710e34a0') in 0.024508 seconds 
========================================================================
Received Import Request.
  Time since last request: 0.000018 seconds.
  path: Assets/Furniture/Source/Textures/3Seat2_BaseColor.tga
  artifactKey: Guid(a18aa7b38d8427e4093771dfcdac7c9e) Importer(815301076,1909f56bfc062723c751e8b465ee728b)
Start importing Assets/Furniture/Source/Textures/3Seat2_BaseColor.tga using Guid(a18aa7b38d8427e4093771dfcdac7c9e) Importer(815301076,1909f56bfc062723c751e8b465ee728b)  -> (artifact id: '41aaba60e53f40631060437a290ee10a') in 0.022775 seconds 
========================================================================
Received Import Request.
  Time since last request: 0.000023 seconds.
  path: Assets/Furniture/Source/Textures/closet2_BaseColor.tga
  artifactKey: Guid(3cf2e71fd5326784aba059aa990ce25c) Importer(815301076,1909f56bfc062723c751e8b465ee728b)
Start importing Assets/Furniture/Source/Textures/closet2_BaseColor.tga using Guid(3cf2e71fd5326784aba059aa990ce25c) Importer(815301076,1909f56bfc062723c751e8b465ee728b)  -> (artifact id: 'decb49eeca44d9853d788c5ab62430e4') in 0.025146 seconds 
========================================================================
Received Import Request.
  Time since last request: 0.000023 seconds.
  path: Assets/Furniture/Source/Textures/3Seat2D_BaseColor.tga
  artifactKey: Guid(81f0e90dc8142c943a860a051695d76d) Importer(815301076,1909f56bfc062723c751e8b465ee728b)
Start importing Assets/Furniture/Source/Textures/3Seat2D_BaseColor.tga using Guid(81f0e90dc8142c943a860a051695d76d) Importer(815301076,1909f56bfc062723c751e8b465ee728b)  -> (artifact id: 'dc363e37176aff5648998af71e74f913') in 0.018653 seconds 
========================================================================
Received Import Request.
  Time since last request: 0.000027 seconds.
  path: Assets/Furniture/Source/Textures/MetalTable_BaseColor.tga
  artifactKey: Guid(0537723c27ace62489d52bc2a66314fc) Importer(815301076,1909f56bfc062723c751e8b465ee728b)
Start importing Assets/Furniture/Source/Textures/MetalTable_BaseColor.tga using Guid(0537723c27ace62489d52bc2a66314fc) Importer(815301076,1909f56bfc062723c751e8b465ee728b)  -> (artifact id: 'c67c6913d3b056f21b2134a15459a0e3') in 0.022278 seconds 
Editor requested this worker to shutdown with reason: Scaling down because of idle timeout
AssetImportWorker is now disconnected from the server
Process exiting
Exiting without the bug reporter. Application will terminate with return code 0